<?xml version="1.0" encoding="UTF-8"?>
<coverage generated="1687018947995" clover="3.2.0">
  <project timestamp="1687018947995" name="All files">
    <metrics statements="34" coveredstatements="19" conditionals="12" coveredconditionals="6" methods="9" coveredmethods="3" elements="55" coveredelements="28" complexity="0" loc="34" ncloc="34" packages="2" files="4" classes="4"/>
    <package name="src">
      <metrics statements="17" coveredstatements="9" conditionals="8" coveredconditionals="2" methods="3" coveredmethods="1"/>
      <file name="index.js" path="D:\Code\Bootcamp\FullStack\Module 2\Block 2\To Do List\ToDoList\src\index.js">
        <metrics statements="17" coveredstatements="9" conditionals="8" coveredconditionals="2" methods="3" coveredmethods="1"/>
        <line num="5" count="1" type="stmt"/>
        <line num="6" count="1" type="stmt"/>
        <line num="11" count="1" type="stmt"/>
        <line num="14" count="1" type="stmt"/>
        <line num="15" count="0" type="stmt"/>
        <line num="16" count="0" type="cond" truecount="0" falsecount="4"/>
        <line num="17" count="0" type="stmt"/>
        <line num="18" count="0" type="stmt"/>
        <line num="19" count="0" type="stmt"/>
        <line num="23" count="1" type="stmt"/>
        <line num="24" count="1" type="cond" truecount="1" falsecount="1"/>
        <line num="25" count="0" type="stmt"/>
        <line num="28" count="1" type="stmt"/>
        <line num="29" count="1" type="cond" truecount="1" falsecount="1"/>
        <line num="30" count="0" type="stmt"/>
        <line num="31" count="0" type="stmt"/>
        <line num="35" count="1" type="stmt"/>
      </file>
    </package>
    <package name="src.modules">
      <metrics statements="17" coveredstatements="10" conditionals="4" coveredconditionals="4" methods="6" coveredmethods="2"/>
      <file name="clearCompleted.js" path="D:\Code\Bootcamp\FullStack\Module 2\Block 2\To Do List\ToDoList\src\modules\clearCompleted.js">
        <metrics statements="5" coveredstatements="1" conditionals="0" coveredconditionals="0" methods="2" coveredmethods="0"/>
        <line num="3" count="1" type="stmt"/>
        <line num="4" count="0" type="stmt"/>
        <line num="5" count="0" type="stmt"/>
        <line num="6" count="0" type="stmt"/>
        <line num="7" count="0" type="stmt"/>
      </file>
      <file name="removeItem.js" path="D:\Code\Bootcamp\FullStack\Module 2\Block 2\To Do List\ToDoList\src\modules\removeItem.js">
        <metrics statements="8" coveredstatements="8" conditionals="4" coveredconditionals="4" methods="2" coveredmethods="2"/>
        <line num="3" count="1" type="stmt"/>
        <line num="4" count="2" type="cond" truecount="2" falsecount="0"/>
        <line num="5" count="2" type="stmt"/>
        <line num="7" count="2" type="cond" truecount="2" falsecount="0"/>
        <line num="8" count="1" type="stmt"/>
        <line num="9" count="1" type="stmt"/>
        <line num="11" count="1" type="stmt"/>
        <line num="14" count="2" type="stmt"/>
      </file>
      <file name="updateIndex.js" path="D:\Code\Bootcamp\FullStack\Module 2\Block 2\To Do List\ToDoList\src\modules\updateIndex.js">
        <metrics statements="4" coveredstatements="1" conditionals="0" coveredconditionals="0" methods="2" coveredmethods="0"/>
        <line num="1" count="1" type="stmt"/>
        <line num="2" count="0" type="stmt"/>
        <line num="3" count="0" type="stmt"/>
        <line num="5" count="0" type="stmt"/>
      </file>
    </package>
  </project>
</coverage>
